# JRE version: Java(TM) SE Runtime Environment (8.0_51-b16) (build 1.8.0_51-b16)
# Java VM: Java HotSpot(TM) 64-Bit Server VM (25.51-b03 mixed mode windows-amd64 compressed oops)
Heap:
 PSYoungGen      total 363008K, used 193621K [0x00000000d5800000, 0x00000000f1c80000, 0x0000000100000000)
  eden space 322560K, 52% used [0x00000000d5800000,0x00000000dfe03ae0,0x00000000e9300000)
  from space 40448K, 58% used [0x00000000e9300000,0x00000000eaa11c90,0x00000000eba80000)
  to   space 40960K, 0% used [0x00000000ef480000,0x00000000ef480000,0x00000000f1c80000)
 ParOldGen       total 196608K, used 117156K [0x0000000080800000, 0x000000008c800000, 0x00000000d5800000)
  object space 196608K, 59% used [0x0000000080800000,0x0000000087a69010,0x000000008c800000)
 Metaspace       used 33632K, capacity 33921K, committed 34304K, reserved 1079296K
  class space    used 4203K, capacity 4326K, committed 4352K, reserved 1048576K
GC Heap History (10 events):
Event: 9.055 GC heap before
{Heap before GC invocations=18 (full 2):
 PSYoungGen      total 195584K, used 177152K [0x00000000d5800000, 0x00000000e9200000, 0x0000000100000000)
  eden space 177152K, 100% used [0x00000000d5800000,0x00000000e0500000,0x00000000e0500000)
  from space 18432K, 0% used [0x00000000e0500000,0x00000000e0500000,0x00000000e1700000)
  to   space 18944K, 0% used [0x00000000e7f80000,0x00000000e7f80000,0x00000000e9200000)
 ParOldGen       total 110080K, used 54210K [0x0000000080800000, 0x0000000087380000, 0x00000000d5800000)
  object space 110080K, 49% used [0x0000000080800000,0x0000000083cf0960,0x0000000087380000)
 Metaspace       used 27549K, capacity 27861K, committed 28160K, reserved 1073152K
  class space    used 3471K, capacity 3547K, committed 3584K, reserved 1048576K
Event: 9.076 GC heap after
Heap after GC invocations=18 (full 2):
 PSYoungGen      total 266240K, used 18940K [0x00000000d5800000, 0x00000000e9200000, 0x0000000100000000)
  eden space 247296K, 0% used [0x00000000d5800000,0x00000000d5800000,0x00000000e4980000)
  from space 18944K, 99% used [0x00000000e7f80000,0x00000000e91ff0b8,0x00000000e9200000)
  to   space 26112K, 0% used [0x00000000e5f00000,0x00000000e5f00000,0x00000000e7880000)
 ParOldGen       total 110080K, used 65446K [0x0000000080800000, 0x0000000087380000, 0x00000000d5800000)
  object space 110080K, 59% used [0x0000000080800000,0x00000000847e9af8,0x0000000087380000)
 Metaspace       used 27549K, capacity 27861K, committed 28160K, reserved 1073152K
  class space    used 3471K, capacity 3547K, committed 3584K, reserved 1048576K
}
Event: 10.300 GC heap before
{Heap before GC invocations=19 (full 2):
 PSYoungGen      total 266240K, used 266236K [0x00000000d5800000, 0x00000000e9200000, 0x0000000100000000)
  eden space 247296K, 100% used [0x00000000d5800000,0x00000000e4980000,0x00000000e4980000)
  from space 18944K, 99% used [0x00000000e7f80000,0x00000000e91ff0b8,0x00000000e9200000)
  to   space 26112K, 0% used [0x00000000e5f00000,0x00000000e5f00000,0x00000000e7880000)
 ParOldGen       total 110080K, used 65446K [0x0000000080800000, 0x0000000087380000, 0x00000000d5800000)
  object space 110080K, 59% used [0x0000000080800000,0x00000000847e9af8,0x0000000087380000)
 Metaspace       used 27839K, capacity 28123K, committed 28544K, reserved 1075200K
  class space    used 3515K, capacity 3612K, committed 3712K, reserved 1048576K
Event: 10.334 GC heap after
Heap after GC invocations=19 (full 2):
 PSYoungGen      total 295424K, used 26095K [0x00000000d5800000, 0x00000000ef600000, 0x0000000100000000)
  eden space 269312K, 0% used [0x00000000d5800000,0x00000000d5800000,0x00000000e5f00000)
  from space 26112K, 99% used [0x00000000e5f00000,0x00000000e787bcc8,0x00000000e7880000)
  to   space 42496K, 0% used [0x00000000ecc80000,0x00000000ecc80000,0x00000000ef600000)
 ParOldGen       total 110080K, used 98633K [0x0000000080800000, 0x0000000087380000, 0x00000000d5800000)
  object space 110080K, 89% used [0x0000000080800000,0x00000000868526f8,0x0000000087380000)
 Metaspace       used 27839K, capacity 28123K, committed 28544K, reserved 1075200K
  class space    used 3515K, capacity 3612K, committed 3712K, reserved 1048576K
}
Event: 10.334 GC heap before
{Heap before GC invocations=20 (full 3):
 PSYoungGen      total 295424K, used 26095K [0x00000000d5800000, 0x00000000ef600000, 0x0000000100000000)
  eden space 269312K, 0% used [0x00000000d5800000,0x00000000d5800000,0x00000000e5f00000)
  from space 26112K, 99% used [0x00000000e5f00000,0x00000000e787bcc8,0x00000000e7880000)
  to   space 42496K, 0% used [0x00000000ecc80000,0x00000000ecc80000,0x00000000ef600000)
 ParOldGen       total 110080K, used 98633K [0x0000000080800000, 0x0000000087380000, 0x00000000d5800000)
  object space 110080K, 89% used [0x0000000080800000,0x00000000868526f8,0x0000000087380000)
 Metaspace       used 27839K, capacity 28123K, committed 28544K, reserved 1075200K
  class space    used 3515K, capacity 3612K, committed 3712K, reserved 1048576K
Event: 10.548 GC heap after
Heap after GC invocations=20 (full 3):
 PSYoungGen      total 295424K, used 0K [0x00000000d5800000, 0x00000000ef600000, 0x0000000100000000)
  eden space 269312K, 0% used [0x00000000d5800000,0x00000000d5800000,0x00000000e5f00000)
  from space 26112K, 0% used [0x00000000e5f00000,0x00000000e5f00000,0x00000000e7880000)
  to   space 42496K, 0% used [0x00000000ecc80000,0x00000000ecc80000,0x00000000ef600000)
 ParOldGen       total 196608K, used 110059K [0x0000000080800000, 0x000000008c800000, 0x00000000d5800000)
  object space 196608K, 55% used [0x0000000080800000,0x000000008737aeb0,0x000000008c800000)
 Metaspace       used 27839K, capacity 28123K, committed 28544K, reserved 1075200K
  class space    used 3515K, capacity 3612K, committed 3712K, reserved 1048576K
}
Event: 12.407 GC heap before
{Heap before GC invocations=21 (full 3):
 PSYoungGen      total 295424K, used 269312K [0x00000000d5800000, 0x00000000ef600000, 0x0000000100000000)
  eden space 269312K, 100% used [0x00000000d5800000,0x00000000e5f00000,0x00000000e5f00000)
  from space 26112K, 0% used [0x00000000e5f00000,0x00000000e5f00000,0x00000000e7880000)
  to   space 42496K, 0% used [0x00000000ecc80000,0x00000000ecc80000,0x00000000ef600000)
 ParOldGen       total 196608K, used 110059K [0x0000000080800000, 0x000000008c800000, 0x00000000d5800000)
  object space 196608K, 55% used [0x0000000080800000,0x000000008737aeb0,0x000000008c800000)
 Metaspace       used 30887K, capacity 31167K, committed 31488K, reserved 1077248K
  class space    used 3882K, capacity 4004K, committed 4096K, reserved 1048576K
Event: 12.420 GC heap after
Heap after GC invocations=21 (full 3):
 PSYoungGen      total 344576K, used 11922K [0x00000000d5800000, 0x00000000ee200000, 0x0000000100000000)
  eden space 322560K, 0% used [0x00000000d5800000,0x00000000d5800000,0x00000000e9300000)
  from space 22016K, 54% used [0x00000000ecc80000,0x00000000ed8248e8,0x00000000ee200000)
  to   space 40448K, 0% used [0x00000000e9300000,0x00000000e9300000,0x00000000eba80000)
 ParOldGen       total 196608K, used 110067K [0x0000000080800000, 0x000000008c800000, 0x00000000d5800000)
  object space 196608K, 55% used [0x0000000080800000,0x000000008737ceb0,0x000000008c800000)
 Metaspace       used 30887K, capacity 31167K, committed 31488K, reserved 1077248K
  class space    used 3882K, capacity 4004K, committed 4096K, reserved 1048576K
}
Event: 13.865 GC heap before
{Heap before GC invocations=22 (full 3):
 PSYoungGen      total 344576K, used 334482K [0x00000000d5800000, 0x00000000ee200000, 0x0000000100000000)
  eden space 322560K, 100% used [0x00000000d5800000,0x00000000e9300000,0x00000000e9300000)
  from space 22016K, 54% used [0x00000000ecc80000,0x00000000ed8248e8,0x00000000ee200000)
  to   space 40448K, 0% used [0x00000000e9300000,0x00000000e9300000,0x00000000eba80000)
 ParOldGen       total 196608K, used 110067K [0x0000000080800000, 0x000000008c800000, 0x00000000d5800000)
  object space 196608K, 55% used [0x0000000080800000,0x000000008737ceb0,0x000000008c800000)
 Metaspace       used 32541K, capacity 32895K, committed 33408K, reserved 1079296K
  class space    used 4025K, capacity 4132K, committed 4224K, reserved 1048576K
Event: 13.897 GC heap after
Heap after GC invocations=22 (full 3):
 PSYoungGen      total 363008K, used 23623K [0x00000000d5800000, 0x00000000f1c80000, 0x0000000100000000)
  eden space 322560K, 0% used [0x00000000d5800000,0x00000000d5800000,0x00000000e9300000)
  from space 40448K, 58% used [0x00000000e9300000,0x00000000eaa11c90,0x00000000eba80000)
  to   space 40960K, 0% used [0x00000000ef480000,0x00000000ef480000,0x00000000f1c80000)
 ParOldGen       total 196608K, used 117156K [0x0000000080800000, 0x000000008c800000, 0x00000000d5800000)
  object space 196608K, 59% used [0x0000000080800000,0x0000000087a69010,0x000000008c800000)
 Metaspace       used 32541K, capacity 32895K, committed 33408K, reserved 1079296K
  class space    used 4025K, capacity 4132K, committed 4224K, reserved 1048576K
}

