# JRE version: Java(TM) SE Runtime Environment (8.0_51-b16) (build 1.8.0_51-b16)
# Java VM: Java HotSpot(TM) 64-Bit Server VM (25.51-b03 mixed mode windows-amd64 compressed oops)
Heap:
 PSYoungGen      total 378368K, used 228533K [0x00000000d5800000, 0x00000000f6780000, 0x0000000100000000)
  eden space 337920K, 55% used [0x00000000d5800000,0x00000000e0fb2bb0,0x00000000ea200000)
  from space 40448K, 99% used [0x00000000ea200000,0x00000000ec97ab38,0x00000000ec980000)
  to   space 56832K, 0% used [0x00000000f3000000,0x00000000f3000000,0x00000000f6780000)
 ParOldGen       total 186880K, used 114021K [0x0000000080800000, 0x000000008be80000, 0x00000000d5800000)
  object space 186880K, 61% used [0x0000000080800000,0x00000000877594f0,0x000000008be80000)
 Metaspace       used 29954K, capacity 30213K, committed 30464K, reserved 1075200K
  class space    used 3704K, capacity 3811K, committed 3840K, reserved 1048576K
GC Heap History (10 events):
Event: 6.722 GC heap before
{Heap before GC invocations=10 (full 2):
 PSYoungGen      total 260608K, used 9656K [0x00000000d5800000, 0x00000000e6600000, 0x0000000100000000)
  eden space 245760K, 0% used [0x00000000d5800000,0x00000000d5800000,0x00000000e4800000)
  from space 14848K, 65% used [0x00000000e5780000,0x00000000e60ee150,0x00000000e6600000)
  to   space 15360K, 0% used [0x00000000e4800000,0x00000000e4800000,0x00000000e5700000)
 ParOldGen       total 87552K, used 28210K [0x0000000080800000, 0x0000000085d80000, 0x00000000d5800000)
  object space 87552K, 32% used [0x0000000080800000,0x000000008238caa0,0x0000000085d80000)
 Metaspace       used 24867K, capacity 25158K, committed 25344K, reserved 1071104K
  class space    used 3156K, capacity 3291K, committed 3328K, reserved 1048576K
Event: 6.787 GC heap after
Heap after GC invocations=10 (full 2):
 PSYoungGen      total 260608K, used 0K [0x00000000d5800000, 0x00000000e6600000, 0x0000000100000000)
  eden space 245760K, 0% used [0x00000000d5800000,0x00000000d5800000,0x00000000e4800000)
  from space 14848K, 0% used [0x00000000e5780000,0x00000000e5780000,0x00000000e6600000)
  to   space 15360K, 0% used [0x00000000e4800000,0x00000000e4800000,0x00000000e5700000)
 ParOldGen       total 89088K, used 30700K [0x0000000080800000, 0x0000000085f00000, 0x00000000d5800000)
  object space 89088K, 34% used [0x0000000080800000,0x00000000825fb370,0x0000000085f00000)
 Metaspace       used 24867K, capacity 25158K, committed 25344K, reserved 1071104K
  class space    used 3156K, capacity 3291K, committed 3328K, reserved 1048576K
}
Event: 9.508 GC heap before
{Heap before GC invocations=11 (full 2):
 PSYoungGen      total 260608K, used 245760K [0x00000000d5800000, 0x00000000e6600000, 0x0000000100000000)
  eden space 245760K, 100% used [0x00000000d5800000,0x00000000e4800000,0x00000000e4800000)
  from space 14848K, 0% used [0x00000000e5780000,0x00000000e5780000,0x00000000e6600000)
  to   space 15360K, 0% used [0x00000000e4800000,0x00000000e4800000,0x00000000e5700000)
 ParOldGen       total 89088K, used 30700K [0x0000000080800000, 0x0000000085f00000, 0x00000000d5800000)
  object space 89088K, 34% used [0x0000000080800000,0x00000000825fb370,0x0000000085f00000)
 Metaspace       used 27481K, capacity 27745K, committed 28160K, reserved 1073152K
  class space    used 3392K, capacity 3483K, committed 3584K, reserved 1048576K
Event: 9.533 GC heap after
Heap after GC invocations=11 (full 2):
 PSYoungGen      total 261120K, used 15356K [0x00000000d5800000, 0x00000000ef100000, 0x0000000100000000)
  eden space 245760K, 0% used [0x00000000d5800000,0x00000000d5800000,0x00000000e4800000)
  from space 15360K, 99% used [0x00000000e4800000,0x00000000e56ff3c8,0x00000000e5700000)
  to   space 22528K, 0% used [0x00000000edb00000,0x00000000edb00000,0x00000000ef100000)
 ParOldGen       total 89088K, used 43216K [0x0000000080800000, 0x0000000085f00000, 0x00000000d5800000)
  object space 89088K, 48% used [0x0000000080800000,0x00000000832342e8,0x0000000085f00000)
 Metaspace       used 27481K, capacity 27745K, committed 28160K, reserved 1073152K
  class space    used 3392K, capacity 3483K, committed 3584K, reserved 1048576K
}
Event: 12.270 GC heap before
{Heap before GC invocations=12 (full 2):
 PSYoungGen      total 261120K, used 261116K [0x00000000d5800000, 0x00000000ef100000, 0x0000000100000000)
  eden space 245760K, 100% used [0x00000000d5800000,0x00000000e4800000,0x00000000e4800000)
  from space 15360K, 99% used [0x00000000e4800000,0x00000000e56ff3c8,0x00000000e5700000)
  to   space 22528K, 0% used [0x00000000edb00000,0x00000000edb00000,0x00000000ef100000)
 ParOldGen       total 89088K, used 43216K [0x0000000080800000, 0x0000000085f00000, 0x00000000d5800000)
  object space 89088K, 48% used [0x0000000080800000,0x00000000832342e8,0x0000000085f00000)
 Metaspace       used 27531K, capacity 27809K, committed 28160K, reserved 1073152K
  class space    used 3392K, capacity 3483K, committed 3584K, reserved 1048576K
Event: 12.310 GC heap after
Heap after GC invocations=12 (full 2):
 PSYoungGen      total 345600K, used 22499K [0x00000000d5800000, 0x00000000ef100000, 0x0000000100000000)
  eden space 323072K, 0% used [0x00000000d5800000,0x00000000d5800000,0x00000000e9380000)
  from space 22528K, 99% used [0x00000000edb00000,0x00000000ef0f8fb8,0x00000000ef100000)
  to   space 40448K, 0% used [0x00000000ea200000,0x00000000ea200000,0x00000000ec980000)
 ParOldGen       total 89088K, used 83685K [0x0000000080800000, 0x0000000085f00000, 0x00000000d5800000)
  object space 89088K, 93% used [0x0000000080800000,0x00000000859b9720,0x0000000085f00000)
 Metaspace       used 27531K, capacity 27809K, committed 28160K, reserved 1073152K
  class space    used 3392K, capacity 3483K, committed 3584K, reserved 1048576K
}
Event: 12.310 GC heap before
{Heap before GC invocations=13 (full 3):
 PSYoungGen      total 345600K, used 22499K [0x00000000d5800000, 0x00000000ef100000, 0x0000000100000000)
  eden space 323072K, 0% used [0x00000000d5800000,0x00000000d5800000,0x00000000e9380000)
  from space 22528K, 99% used [0x00000000edb00000,0x00000000ef0f8fb8,0x00000000ef100000)
  to   space 40448K, 0% used [0x00000000ea200000,0x00000000ea200000,0x00000000ec980000)
 ParOldGen       total 89088K, used 83685K [0x0000000080800000, 0x0000000085f00000, 0x00000000d5800000)
  object space 89088K, 93% used [0x0000000080800000,0x00000000859b9720,0x0000000085f00000)
 Metaspace       used 27531K, capacity 27809K, committed 28160K, reserved 1073152K
  class space    used 3392K, capacity 3483K, committed 3584K, reserved 1048576K
Event: 12.399 GC heap after
Heap after GC invocations=13 (full 3):
 PSYoungGen      total 345600K, used 0K [0x00000000d5800000, 0x00000000ef100000, 0x0000000100000000)
  eden space 323072K, 0% used [0x00000000d5800000,0x00000000d5800000,0x00000000e9380000)
  from space 22528K, 0% used [0x00000000edb00000,0x00000000edb00000,0x00000000ef100000)
  to   space 40448K, 0% used [0x00000000ea200000,0x00000000ea200000,0x00000000ec980000)
 ParOldGen       total 186880K, used 87520K [0x0000000080800000, 0x000000008be80000, 0x00000000d5800000)
  object space 186880K, 46% used [0x0000000080800000,0x0000000085d78358,0x000000008be80000)
 Metaspace       used 27531K, capacity 27809K, committed 28160K, reserved 1073152K
  class space    used 3392K, capacity 3483K, committed 3584K, reserved 1048576K
}
Event: 14.451 GC heap before
{Heap before GC invocations=14 (full 3):
 PSYoungGen      total 345600K, used 323072K [0x00000000d5800000, 0x00000000ef100000, 0x0000000100000000)
  eden space 323072K, 100% used [0x00000000d5800000,0x00000000e9380000,0x00000000e9380000)
  from space 22528K, 0% used [0x00000000edb00000,0x00000000edb00000,0x00000000ef100000)
  to   space 40448K, 0% used [0x00000000ea200000,0x00000000ea200000,0x00000000ec980000)
 ParOldGen       total 186880K, used 87520K [0x0000000080800000, 0x000000008be80000, 0x00000000d5800000)
  object space 186880K, 46% used [0x0000000080800000,0x0000000085d78358,0x000000008be80000)
 Metaspace       used 27589K, capacity 27873K, committed 28160K, reserved 1073152K
  class space    used 3392K, capacity 3483K, committed 3584K, reserved 1048576K
Event: 14.503 GC heap after
Heap after GC invocations=14 (full 3):
 PSYoungGen      total 378368K, used 40426K [0x00000000d5800000, 0x00000000f6780000, 0x0000000100000000)
  eden space 337920K, 0% used [0x00000000d5800000,0x00000000d5800000,0x00000000ea200000)
  from space 40448K, 99% used [0x00000000ea200000,0x00000000ec97ab38,0x00000000ec980000)
  to   space 56832K, 0% used [0x00000000f3000000,0x00000000f3000000,0x00000000f6780000)
 ParOldGen       total 186880K, used 114021K [0x0000000080800000, 0x000000008be80000, 0x00000000d5800000)
  object space 186880K, 61% used [0x0000000080800000,0x00000000877594f0,0x000000008be80000)
 Metaspace       used 27589K, capacity 27873K, committed 28160K, reserved 1073152K
  class space    used 3392K, capacity 3483K, committed 3584K, reserved 1048576K
}

