# JRE version: Java(TM) SE Runtime Environment (8.0_51-b16) (build 1.8.0_51-b16)
# Java VM: Java HotSpot(TM) 64-Bit Server VM (25.51-b03 mixed mode windows-amd64 compressed oops)
Heap:
 PSYoungGen      total 307712K, used 135989K [0x00000000d5800000, 0x00000000ef600000, 0x0000000100000000)
  eden space 270848K, 36% used [0x00000000d5800000,0x00000000db8ce308,0x00000000e6080000)
  from space 36864K, 99% used [0x00000000e6080000,0x00000000e847f260,0x00000000e8480000)
  to   space 49152K, 0% used [0x00000000ec600000,0x00000000ec600000,0x00000000ef600000)
 ParOldGen       total 121856K, used 84056K [0x0000000080800000, 0x0000000087f00000, 0x00000000d5800000)
  object space 121856K, 68% used [0x0000000080800000,0x0000000085a161d0,0x0000000087f00000)
 Metaspace       used 30438K, capacity 30815K, committed 31232K, reserved 1077248K
  class space    used 3844K, capacity 3972K, committed 4096K, reserved 1048576K
GC Heap History (10 events):
Event: 5.541 GC heap before
{Heap before GC invocations=11 (full 1):
 PSYoungGen      total 132096K, used 132075K [0x00000000d5800000, 0x00000000e6400000, 0x0000000100000000)
  eden space 111616K, 100% used [0x00000000d5800000,0x00000000dc500000,0x00000000dc500000)
  from space 20480K, 99% used [0x00000000dc500000,0x00000000dd8fafc0,0x00000000dd900000)
  to   space 25600K, 0% used [0x00000000e4b00000,0x00000000e4b00000,0x00000000e6400000)
 ParOldGen       total 87552K, used 32508K [0x0000000080800000, 0x0000000085d80000, 0x00000000d5800000)
  object space 87552K, 37% used [0x0000000080800000,0x00000000827bf068,0x0000000085d80000)
 Metaspace       used 21633K, capacity 21906K, committed 22272K, reserved 1069056K
  class space    used 2645K, capacity 2743K, committed 2816K, reserved 1048576K
Event: 5.568 GC heap after
Heap after GC invocations=11 (full 1):
 PSYoungGen      total 197120K, used 18312K [0x00000000d5800000, 0x00000000e5d00000, 0x0000000100000000)
  eden space 178688K, 0% used [0x00000000d5800000,0x00000000d5800000,0x00000000e0680000)
  from space 18432K, 99% used [0x00000000e4b00000,0x00000000e5ce2188,0x00000000e5d00000)
  to   space 26624K, 0% used [0x00000000e2900000,0x00000000e2900000,0x00000000e4300000)
 ParOldGen       total 87552K, used 44567K [0x0000000080800000, 0x0000000085d80000, 0x00000000d5800000)
  object space 87552K, 50% used [0x0000000080800000,0x0000000083385f30,0x0000000085d80000)
 Metaspace       used 21633K, capacity 21906K, committed 22272K, reserved 1069056K
  class space    used 2645K, capacity 2743K, committed 2816K, reserved 1048576K
}
Event: 6.713 GC heap before
{Heap before GC invocations=12 (full 1):
 PSYoungGen      total 197120K, used 184202K [0x00000000d5800000, 0x00000000e5d00000, 0x0000000100000000)
  eden space 178688K, 92% used [0x00000000d5800000,0x00000000dfa006e8,0x00000000e0680000)
  from space 18432K, 99% used [0x00000000e4b00000,0x00000000e5ce2188,0x00000000e5d00000)
  to   space 26624K, 0% used [0x00000000e2900000,0x00000000e2900000,0x00000000e4300000)
 ParOldGen       total 87552K, used 44567K [0x0000000080800000, 0x0000000085d80000, 0x00000000d5800000)
  object space 87552K, 50% used [0x0000000080800000,0x0000000083385f30,0x0000000085d80000)
 Metaspace       used 24903K, capacity 25138K, committed 25388K, reserved 1071104K
  class space    used 3247K, capacity 3351K, committed 3456K, reserved 1048576K
Event: 6.750 GC heap after
Heap after GC invocations=12 (full 1):
 PSYoungGen      total 240640K, used 23758K [0x00000000d5800000, 0x00000000ea880000, 0x0000000100000000)
  eden space 214016K, 0% used [0x00000000d5800000,0x00000000d5800000,0x00000000e2900000)
  from space 26624K, 89% used [0x00000000e2900000,0x00000000e4033818,0x00000000e4300000)
  to   space 29184K, 0% used [0x00000000e8c00000,0x00000000e8c00000,0x00000000ea880000)
 ParOldGen       total 87552K, used 52815K [0x0000000080800000, 0x0000000085d80000, 0x00000000d5800000)
  object space 87552K, 60% used [0x0000000080800000,0x0000000083b93f40,0x0000000085d80000)
 Metaspace       used 24903K, capacity 25138K, committed 25388K, reserved 1071104K
  class space    used 3247K, capacity 3351K, committed 3456K, reserved 1048576K
}
Event: 6.750 GC heap before
{Heap before GC invocations=13 (full 2):
 PSYoungGen      total 240640K, used 23758K [0x00000000d5800000, 0x00000000ea880000, 0x0000000100000000)
  eden space 214016K, 0% used [0x00000000d5800000,0x00000000d5800000,0x00000000e2900000)
  from space 26624K, 89% used [0x00000000e2900000,0x00000000e4033818,0x00000000e4300000)
  to   space 29184K, 0% used [0x00000000e8c00000,0x00000000e8c00000,0x00000000ea880000)
 ParOldGen       total 87552K, used 52815K [0x0000000080800000, 0x0000000085d80000, 0x00000000d5800000)
  object space 87552K, 60% used [0x0000000080800000,0x0000000083b93f40,0x0000000085d80000)
 Metaspace       used 24903K, capacity 25138K, committed 25388K, reserved 1071104K
  class space    used 3247K, capacity 3351K, committed 3456K, reserved 1048576K
Event: 7.001 GC heap after
Heap after GC invocations=13 (full 2):
 PSYoungGen      total 240640K, used 0K [0x00000000d5800000, 0x00000000ea880000, 0x0000000100000000)
  eden space 214016K, 0% used [0x00000000d5800000,0x00000000d5800000,0x00000000e2900000)
  from space 26624K, 0% used [0x00000000e2900000,0x00000000e2900000,0x00000000e4300000)
  to   space 29184K, 0% used [0x00000000e8c00000,0x00000000e8c00000,0x00000000ea880000)
 ParOldGen       total 121856K, used 56486K [0x0000000080800000, 0x0000000087f00000, 0x00000000d5800000)
  object space 121856K, 46% used [0x0000000080800000,0x0000000083f29ae0,0x0000000087f00000)
 Metaspace       used 24903K, capacity 25138K, committed 25388K, reserved 1071104K
  class space    used 3247K, capacity 3351K, committed 3456K, reserved 1048576K
}
Event: 8.987 GC heap before
{Heap before GC invocations=14 (full 2):
 PSYoungGen      total 240640K, used 214016K [0x00000000d5800000, 0x00000000ea880000, 0x0000000100000000)
  eden space 214016K, 100% used [0x00000000d5800000,0x00000000e2900000,0x00000000e2900000)
  from space 26624K, 0% used [0x00000000e2900000,0x00000000e2900000,0x00000000e4300000)
  to   space 29184K, 0% used [0x00000000e8c00000,0x00000000e8c00000,0x00000000ea880000)
 ParOldGen       total 121856K, used 56486K [0x0000000080800000, 0x0000000087f00000, 0x00000000d5800000)
  object space 121856K, 46% used [0x0000000080800000,0x0000000083f29ae0,0x0000000087f00000)
 Metaspace       used 27559K, capacity 27893K, committed 28160K, reserved 1073152K
  class space    used 3480K, capacity 3579K, committed 3584K, reserved 1048576K
Event: 9.012 GC heap after
Heap after GC invocations=14 (full 2):
 PSYoungGen      total 294400K, used 29175K [0x00000000d5800000, 0x00000000ea880000, 0x0000000100000000)
  eden space 265216K, 0% used [0x00000000d5800000,0x00000000d5800000,0x00000000e5b00000)
  from space 29184K, 99% used [0x00000000e8c00000,0x00000000ea87dd78,0x00000000ea880000)
  to   space 36864K, 0% used [0x00000000e6080000,0x00000000e6080000,0x00000000e8480000)
 ParOldGen       total 121856K, used 65457K [0x0000000080800000, 0x0000000087f00000, 0x00000000d5800000)
  object space 121856K, 53% used [0x0000000080800000,0x00000000847ec720,0x0000000087f00000)
 Metaspace       used 27559K, capacity 27893K, committed 28160K, reserved 1073152K
  class space    used 3480K, capacity 3579K, committed 3584K, reserved 1048576K
}
Event: 10.466 GC heap before
{Heap before GC invocations=15 (full 2):
 PSYoungGen      total 294400K, used 294391K [0x00000000d5800000, 0x00000000ea880000, 0x0000000100000000)
  eden space 265216K, 100% used [0x00000000d5800000,0x00000000e5b00000,0x00000000e5b00000)
  from space 29184K, 99% used [0x00000000e8c00000,0x00000000ea87dd78,0x00000000ea880000)
  to   space 36864K, 0% used [0x00000000e6080000,0x00000000e6080000,0x00000000e8480000)
 ParOldGen       total 121856K, used 65457K [0x0000000080800000, 0x0000000087f00000, 0x00000000d5800000)
  object space 121856K, 53% used [0x0000000080800000,0x00000000847ec720,0x0000000087f00000)
 Metaspace       used 29012K, capacity 29243K, committed 29696K, reserved 1075200K
  class space    used 3674K, capacity 3772K, committed 3840K, reserved 1048576K
Event: 10.497 GC heap after
Heap after GC invocations=15 (full 2):
 PSYoungGen      total 307712K, used 36860K [0x00000000d5800000, 0x00000000ef600000, 0x0000000100000000)
  eden space 270848K, 0% used [0x00000000d5800000,0x00000000d5800000,0x00000000e6080000)
  from space 36864K, 99% used [0x00000000e6080000,0x00000000e847f260,0x00000000e8480000)
  to   space 49152K, 0% used [0x00000000ec600000,0x00000000ec600000,0x00000000ef600000)
 ParOldGen       total 121856K, used 84056K [0x0000000080800000, 0x0000000087f00000, 0x00000000d5800000)
  object space 121856K, 68% used [0x0000000080800000,0x0000000085a161d0,0x0000000087f00000)
 Metaspace       used 29012K, capacity 29243K, committed 29696K, reserved 1075200K
  class space    used 3674K, capacity 3772K, committed 3840K, reserved 1048576K
}

